<?xml version="1.0" encoding="UTF-8"?>
<testsuite xmlns:xsi="http://www.w3.org/2001/XMLSchema-instance" xsi:noNamespaceSchemaLocation="https://maven.apache.org/surefire/maven-surefire-plugin/xsd/surefire-test-report.xsd" version="3.0.2" name="io.apitomy.flow.model.WorkflowSerializationTest" time="0.521" tests="5" errors="0" skipped="0" failures="0">
  <properties>
[...]
</properties>
  <testcase name="workflowRoundTrips" classname="io.apitomy.flow.model.WorkflowSerializationTest" time="0.458"/>
  <testcase name="instanceStatusSerializesAsLowerCase" classname="io.apitomy.flow.model.WorkflowSerializationTest" time="0.004"/>
  <testcase name="workflowInstanceRoundTrips" classname="io.apitomy.flow.model.WorkflowSerializationTest" time="0.025"/>
  <testcase name="nodeTypesSerializeAsKebabCase" classname="io.apitomy.flow.model.WorkflowSerializationTest" time="0.005"/>
  <testcase name="workflowHelperMethods" classname="io.apitomy.flow.model.WorkflowSerializationTest" time="0.003"/>
</testsuite>